  Transition system    : Projective
  Parser configuration : Stack
  Feature model        : eng-liblinear.xml
  Classifier           : liblinear
  Data Format          : /engmalt.linear-1.7/conllx.xml
Parsing time: 00:00:32 (32599 ms)
  Transition system    : Projective
  Parser configuration : Stack
  Feature model        : eng-liblinear.xml
  Classifier           : liblinear
  Data Format          : /engmalt.linear-1.7/conllx.xml
  Transition system    : Projective
  Parser configuration : Stack
  Feature model        : eng-liblinear.xml
  Classifier           : liblinear
  Data Format          : /engmalt.linear-1.7/conllx.xml
Parsing time: 00:00:32 (32090 ms)
  Transition system    : Projective
  Parser configuration : Stack
  Feature model        : eng-liblinear.xml
  Classifier           : liblinear
  Data Format          : /engmalt.linear-1.7/conllx.xml
Parsing time: 00:00:33 (33110 ms)
  Transition system    : Projective
  Parser configuration : Stack
  Feature model        : eng-liblinear.xml
  Classifier           : liblinear
  Data Format          : /engmalt.linear-1.7/conllx.xml
Parsing time: 00:00:33 (33431 ms)
  Transition system    : Projective
  Parser configuration : Stack
  Feature model        : eng-liblinear.xml
  Classifier           : liblinear
  Data Format          : /engmalt.linear-1.7/conllx.xml
Parsing time: 00:03:11 (191567 ms)
  Transition system    : Projective
  Parser configuration : Stack
  Feature model        : eng-liblinear.xml
  Classifier           : liblinear
  Data Format          : /engmalt.linear-1.7/conllx.xml
Parsing time: 00:00:31 (31802 ms)
  Transition system    : Projective
  Parser configuration : Stack
  Feature model        : eng-liblinear.xml
  Classifier           : liblinear
  Data Format          : /engmalt.linear-1.7/conllx.xml
Parsing time: 00:00:33 (33853 ms)
  Transition system    : Projective
  Parser configuration : Stack
  Feature model        : eng-liblinear.xml
  Classifier           : liblinear
  Data Format          : /engmalt.linear-1.7/conllx.xml
  Transition system    : Projective
  Parser configuration : Stack
  Feature model        : eng-liblinear.xml
  Classifier           : liblinear
  Data Format          : /engmalt.linear-1.7/conllx.xml
  Transition system    : Projective
  Parser configuration : Stack
  Feature model        : eng-liblinear.xml
  Classifier           : liblinear
  Data Format          : /engmalt.linear-1.7/conllx.xml
  Transition system    : Projective
  Parser configuration : Stack
  Feature model        : eng-liblinear.xml
  Classifier           : liblinear
  Data Format          : /engmalt.linear-1.7/conllx.xml
  Transition system    : Projective
  Parser configuration : Stack
  Feature model        : eng-liblinear.xml
  Classifier           : liblinear
  Data Format          : /engmalt.linear-1.7/conllx.xml
  Transition system    : Projective
  Parser configuration : Stack
  Feature model        : eng-liblinear.xml
  Classifier           : liblinear
  Data Format          : /engmalt.linear-1.7/conllx.xml
Parsing time: 00:03:14 (194530 ms)
  Transition system    : Projective
  Parser configuration : Stack
  Feature model        : eng-liblinear.xml
  Classifier           : liblinear
  Data Format          : /engmalt.linear-1.7/conllx.xml
Parsing time: 00:00:31 (31445 ms)
  Transition system    : Projective
  Parser configuration : Stack
  Feature model        : eng-liblinear.xml
  Classifier           : liblinear
  Data Format          : /engmalt.linear-1.7/conllx.xml
Parsing time: 00:02:25 (145875 ms)
  Transition system    : Projective
  Parser configuration : Stack
  Feature model        : eng-liblinear.xml
  Classifier           : liblinear
  Data Format          : /engmalt.linear-1.7/conllx.xml
Parsing time: 00:02:26 (146004 ms)
  Transition system    : Projective
  Parser configuration : Stack
  Feature model        : eng-liblinear.xml
  Classifier           : liblinear
  Data Format          : /engmalt.linear-1.7/conllx.xml
Parsing time: 00:02:37 (157854 ms)
  Transition system    : Projective
  Parser configuration : Stack
  Feature model        : eng-liblinear.xml
  Classifier           : liblinear
  Data Format          : /engmalt.linear-1.7/conllx.xml
Parsing time: 00:02:39 (159681 ms)
  Transition system    : Projective
  Parser configuration : Stack
  Feature model        : eng-liblinear.xml
  Classifier           : liblinear
  Data Format          : /engmalt.linear-1.7/conllx.xml
Parsing time: 00:00:54 (54917 ms)
  Transition system    : Projective
  Parser configuration : Stack
  Feature model        : eng-liblinear.xml
  Classifier           : liblinear
  Data Format          : /engmalt.linear-1.7/conllx.xml
  Transition system    : Projective
  Parser configuration : Stack
  Feature model        : eng-liblinear.xml
  Classifier           : liblinear
  Data Format          : /engmalt.linear-1.7/conllx.xml
  Transition system    : Projective
  Parser configuration : Stack
  Feature model        : eng-liblinear.xml
  Classifier           : liblinear
  Data Format          : /engmalt.linear-1.7/conllx.xml
Parsing time: 00:03:28 (208308 ms)
  Transition system    : Projective
  Parser configuration : Stack
  Feature model        : eng-liblinear.xml
  Classifier           : liblinear
  Data Format          : /engmalt.linear-1.7/conllx.xml
Parsing time: 00:01:31 (91376 ms)
  Transition system    : Projective
  Parser configuration : Stack
  Feature model        : eng-liblinear.xml
  Classifier           : liblinear
  Data Format          : /engmalt.linear-1.7/conllx.xml
  Transition system    : Projective
  Parser configuration : Stack
  Feature model        : eng-liblinear.xml
  Classifier           : liblinear
  Data Format          : /engmalt.linear-1.7/conllx.xml
Parsing time: 00:01:20 (80984 ms)
  Transition system    : Projective
  Parser configuration : Stack
  Feature model        : eng-liblinear.xml
  Classifier           : liblinear
  Data Format          : /engmalt.linear-1.7/conllx.xml
Parsing time: 00:02:12 (132453 ms)
  Transition system    : Projective
  Parser configuration : Stack
  Feature model        : eng-liblinear.xml
  Classifier           : liblinear
  Data Format          : /engmalt.linear-1.7/conllx.xml
  Transition system    : Projective
  Parser configuration : Stack
  Feature model        : eng-liblinear.xml
  Classifier           : liblinear
  Data Format          : /engmalt.linear-1.7/conllx.xml
Parsing time: 00:02:12 (132421 ms)
  Transition system    : Projective
  Parser configuration : Stack
  Feature model        : eng-liblinear.xml
  Classifier           : liblinear
  Data Format          : /engmalt.linear-1.7/conllx.xml
Parsing time: 00:02:16 (136079 ms)
  Transition system    : Projective
  Parser configuration : Stack
  Feature model        : eng-liblinear.xml
  Classifier           : liblinear
  Data Format          : /engmalt.linear-1.7/conllx.xml
Parsing time: 00:02:13 (133155 ms)
  Transition system    : Projective
  Parser configuration : Stack
  Feature model        : eng-liblinear.xml
  Classifier           : liblinear
  Data Format          : /engmalt.linear-1.7/conllx.xml
Parsing time: 00:02:14 (134549 ms)
  Transition system    : Projective
  Parser configuration : Stack
  Feature model        : eng-liblinear.xml
  Classifier           : liblinear
  Data Format          : /engmalt.linear-1.7/conllx.xml
Parsing time: 00:02:16 (136676 ms)
  Transition system    : Projective
  Parser configuration : Stack
  Feature model        : eng-liblinear.xml
  Classifier           : liblinear
  Data Format          : /engmalt.linear-1.7/conllx.xml
Parsing time: 00:02:59 (179347 ms)
  Transition system    : Projective
  Parser configuration : Stack
  Feature model        : eng-liblinear.xml
  Classifier           : liblinear
  Data Format          : /engmalt.linear-1.7/conllx.xml
Parsing time: 00:00:00 (255 ms)
  Transition system    : Projective
  Parser configuration : Stack
  Feature model        : eng-liblinear.xml
  Classifier           : liblinear
  Data Format          : /engmalt.linear-1.7/conllx.xml
  Transition system    : Projective
  Parser configuration : Stack
  Feature model        : eng-liblinear.xml
  Classifier           : liblinear
  Data Format          : /engmalt.linear-1.7/conllx.xml
Parsing time: 00:00:07 (7195 ms)
  Transition system    : Projective
  Parser configuration : Stack
  Feature model        : eng-liblinear.xml
  Classifier           : liblinear
  Data Format          : /engmalt.linear-1.7/conllx.xml
Parsing time: 00:00:09 (9576 ms)
  Transition system    : Projective
  Parser configuration : Stack
  Feature model        : eng-liblinear.xml
  Classifier           : liblinear
  Data Format          : /engmalt.linear-1.7/conllx.xml
Parsing time: 00:00:07 (7762 ms)
  Transition system    : Projective
  Parser configuration : Stack
  Feature model        : eng-liblinear.xml
  Classifier           : liblinear
  Data Format          : /engmalt.linear-1.7/conllx.xml
Parsing time: 00:00:06 (6866 ms)
  Transition system    : Projective
  Parser configuration : Stack
  Feature model        : eng-liblinear.xml
  Classifier           : liblinear
  Data Format          : /engmalt.linear-1.7/conllx.xml
Parsing time: 00:00:07 (7446 ms)
  Transition system    : Projective
  Parser configuration : Stack
  Feature model        : eng-liblinear.xml
  Classifier           : liblinear
  Data Format          : /engmalt.linear-1.7/conllx.xml
Parsing time: 00:00:08 (8533 ms)
  Transition system    : Projective
  Parser configuration : Stack
  Feature model        : eng-liblinear.xml
  Classifier           : liblinear
  Data Format          : /engmalt.linear-1.7/conllx.xml
Parsing time: 00:00:10 (10482 ms)
  Transition system    : Projective
  Parser configuration : Stack
  Feature model        : eng-liblinear.xml
  Classifier           : liblinear
  Data Format          : /engmalt.linear-1.7/conllx.xml
Parsing time: 00:00:07 (7740 ms)
  Transition system    : Projective
  Parser configuration : Stack
  Feature model        : eng-liblinear.xml
  Classifier           : liblinear
  Data Format          : /engmalt.linear-1.7/conllx.xml
Parsing time: 00:00:06 (6639 ms)
  Transition system    : Projective
  Parser configuration : Stack
  Feature model        : eng-liblinear.xml
  Classifier           : liblinear
  Data Format          : /engmalt.linear-1.7/conllx.xml
Parsing time: 00:00:07 (7160 ms)
  Transition system    : Projective
  Parser configuration : Stack
  Feature model        : eng-liblinear.xml
  Classifier           : liblinear
  Data Format          : /engmalt.linear-1.7/conllx.xml
Parsing time: 00:00:08 (8522 ms)
  Transition system    : Projective
  Parser configuration : Stack
  Feature model        : eng-liblinear.xml
  Classifier           : liblinear
  Data Format          : /engmalt.linear-1.7/conllx.xml
Parsing time: 00:00:07 (7857 ms)
  Transition system    : Projective
  Parser configuration : Stack
  Feature model        : eng-liblinear.xml
  Classifier           : liblinear
  Data Format          : /engmalt.linear-1.7/conllx.xml
Parsing time: 00:00:10 (10105 ms)
  Transition system    : Projective
  Parser configuration : Stack
  Feature model        : eng-liblinear.xml
  Classifier           : liblinear
  Data Format          : /engmalt.linear-1.7/conllx.xml
Parsing time: 00:00:07 (7368 ms)
  Transition system    : Projective
  Parser configuration : Stack
  Feature model        : eng-liblinear.xml
  Classifier           : liblinear
  Data Format          : /engmalt.linear-1.7/conllx.xml
Parsing time: 00:00:07 (7721 ms)
  Transition system    : Projective
  Parser configuration : Stack
  Feature model        : eng-liblinear.xml
  Classifier           : liblinear
  Data Format          : /engmalt.linear-1.7/conllx.xml
Parsing time: 00:00:07 (7304 ms)
  Transition system    : Projective
  Parser configuration : Stack
  Feature model        : eng-liblinear.xml
  Classifier           : liblinear
  Data Format          : /engmalt.linear-1.7/conllx.xml
Parsing time: 00:00:07 (7668 ms)
  Transition system    : Projective
  Parser configuration : Stack
  Feature model        : eng-liblinear.xml
  Classifier           : liblinear
  Data Format          : /engmalt.linear-1.7/conllx.xml
Parsing time: 00:00:09 (9614 ms)
  Transition system    : Projective
  Parser configuration : Stack
  Feature model        : eng-liblinear.xml
  Classifier           : liblinear
  Data Format          : /engmalt.linear-1.7/conllx.xml
Parsing time: 00:00:05 (5635 ms)
  Transition system    : Projective
  Parser configuration : Stack
  Feature model        : eng-liblinear.xml
  Classifier           : liblinear
  Data Format          : /engmalt.linear-1.7/conllx.xml
Parsing time: 00:00:06 (6120 ms)
  Transition system    : Projective
  Parser configuration : Stack
  Feature model        : eng-liblinear.xml
  Classifier           : liblinear
  Data Format          : /engmalt.linear-1.7/conllx.xml
Parsing time: 00:00:05 (5929 ms)
  Transition system    : Projective
  Parser configuration : Stack
  Feature model        : eng-liblinear.xml
  Classifier           : liblinear
  Data Format          : /engmalt.linear-1.7/conllx.xml
Parsing time: 00:00:05 (5887 ms)
  Transition system    : Projective
  Parser configuration : Stack
  Feature model        : eng-liblinear.xml
  Classifier           : liblinear
  Data Format          : /engmalt.linear-1.7/conllx.xml
Parsing time: 00:00:09 (9588 ms)
  Transition system    : Projective
  Parser configuration : Stack
  Feature model        : eng-liblinear.xml
  Classifier           : liblinear
  Data Format          : /engmalt.linear-1.7/conllx.xml
Parsing time: 00:00:07 (7664 ms)
  Transition system    : Projective
  Parser configuration : Stack
  Feature model        : eng-liblinear.xml
  Classifier           : liblinear
  Data Format          : /engmalt.linear-1.7/conllx.xml
Parsing time: 00:00:06 (6296 ms)
  Transition system    : Projective
  Parser configuration : Stack
  Feature model        : eng-liblinear.xml
  Classifier           : liblinear
  Data Format          : /engmalt.linear-1.7/conllx.xml
Parsing time: 00:00:06 (6000 ms)
  Transition system    : Projective
  Parser configuration : Stack
  Feature model        : eng-liblinear.xml
  Classifier           : liblinear
  Data Format          : /engmalt.linear-1.7/conllx.xml
Parsing time: 00:00:06 (6089 ms)
  Transition system    : Projective
  Parser configuration : Stack
  Feature model        : eng-liblinear.xml
  Classifier           : liblinear
  Data Format          : /engmalt.linear-1.7/conllx.xml
Parsing time: 00:00:09 (9960 ms)
  Transition system    : Projective
  Parser configuration : Stack
  Feature model        : eng-liblinear.xml
  Classifier           : liblinear
  Data Format          : /engmalt.linear-1.7/conllx.xml
Parsing time: 00:00:11 (11070 ms)
  Transition system    : Projective
  Parser configuration : Stack
  Feature model        : eng-liblinear.xml
  Classifier           : liblinear
  Data Format          : /engmalt.linear-1.7/conllx.xml
Parsing time: 00:00:07 (7267 ms)
  Transition system    : Projective
  Parser configuration : Stack
  Feature model        : eng-liblinear.xml
  Classifier           : liblinear
  Data Format          : /engmalt.linear-1.7/conllx.xml
Parsing time: 00:00:08 (8362 ms)
  Transition system    : Projective
  Parser configuration : Stack
  Feature model        : eng-liblinear.xml
  Classifier           : liblinear
  Data Format          : /engmalt.linear-1.7/conllx.xml
Parsing time: 00:00:07 (7924 ms)
  Transition system    : Projective
  Parser configuration : Stack
  Feature model        : eng-liblinear.xml
  Classifier           : liblinear
  Data Format          : /engmalt.linear-1.7/conllx.xml
Parsing time: 00:00:08 (8545 ms)
  Transition system    : Projective
  Parser configuration : Stack
  Feature model        : eng-liblinear.xml
  Classifier           : liblinear
  Data Format          : /engmalt.linear-1.7/conllx.xml
Parsing time: 00:00:08 (8567 ms)
  Transition system    : Projective
  Parser configuration : Stack
  Feature model        : eng-liblinear.xml
  Classifier           : liblinear
  Data Format          : /engmalt.linear-1.7/conllx.xml
Parsing time: 00:00:10 (10345 ms)
  Transition system    : Projective
  Parser configuration : Stack
  Feature model        : eng-liblinear.xml
  Classifier           : liblinear
  Data Format          : /engmalt.linear-1.7/conllx.xml
Parsing time: 00:00:10 (10224 ms)
  Transition system    : Projective
  Parser configuration : Stack
  Feature model        : eng-liblinear.xml
  Classifier           : liblinear
  Data Format          : /engmalt.linear-1.7/conllx.xml
Parsing time: 00:00:07 (7852 ms)
  Transition system    : Projective
  Parser configuration : Stack
  Feature model        : eng-liblinear.xml
  Classifier           : liblinear
  Data Format          : /engmalt.linear-1.7/conllx.xml
Parsing time: 00:00:07 (7456 ms)
  Transition system    : Projective
  Parser configuration : Stack
  Feature model        : eng-liblinear.xml
  Classifier           : liblinear
  Data Format          : /engmalt.linear-1.7/conllx.xml
Parsing time: 00:00:08 (8582 ms)
  Transition system    : Projective
  Parser configuration : Stack
  Feature model        : eng-liblinear.xml
  Classifier           : liblinear
  Data Format          : /engmalt.linear-1.7/conllx.xml
Parsing time: 00:00:09 (9567 ms)
  Transition system    : Projective
  Parser configuration : Stack
  Feature model        : eng-liblinear.xml
  Classifier           : liblinear
  Data Format          : /engmalt.linear-1.7/conllx.xml
Parsing time: 00:00:09 (9976 ms)
  Transition system    : Projective
  Parser configuration : Stack
  Feature model        : eng-liblinear.xml
  Classifier           : liblinear
  Data Format          : /engmalt.linear-1.7/conllx.xml
Parsing time: 00:00:08 (8766 ms)
  Transition system    : Projective
  Parser configuration : Stack
  Feature model        : eng-liblinear.xml
  Classifier           : liblinear
  Data Format          : /engmalt.linear-1.7/conllx.xml
Parsing time: 00:00:08 (8108 ms)
  Transition system    : Projective
  Parser configuration : Stack
  Feature model        : eng-liblinear.xml
  Classifier           : liblinear
  Data Format          : /engmalt.linear-1.7/conllx.xml
Parsing time: 00:00:07 (7456 ms)
  Transition system    : Projective
  Parser configuration : Stack
  Feature model        : eng-liblinear.xml
  Classifier           : liblinear
  Data Format          : /engmalt.linear-1.7/conllx.xml
Parsing time: 00:00:10 (10222 ms)
  Transition system    : Projective
  Parser configuration : Stack
  Feature model        : eng-liblinear.xml
  Classifier           : liblinear
  Data Format          : /engmalt.linear-1.7/conllx.xml
Parsing time: 00:00:09 (9947 ms)
  Transition system    : Projective
  Parser configuration : Stack
  Feature model        : eng-liblinear.xml
  Classifier           : liblinear
  Data Format          : /engmalt.linear-1.7/conllx.xml
Parsing time: 00:00:08 (8604 ms)
  Transition system    : Projective
  Parser configuration : Stack
  Feature model        : eng-liblinear.xml
  Classifier           : liblinear
  Data Format          : /engmalt.linear-1.7/conllx.xml
Parsing time: 00:00:07 (7762 ms)
  Transition system    : Projective
  Parser configuration : Stack
  Feature model        : eng-liblinear.xml
  Classifier           : liblinear
  Data Format          : /engmalt.linear-1.7/conllx.xml
Parsing time: 00:00:10 (10375 ms)
  Transition system    : Projective
  Parser configuration : Stack
  Feature model        : eng-liblinear.xml
  Classifier           : liblinear
  Data Format          : /engmalt.linear-1.7/conllx.xml
Parsing time: 00:00:10 (10205 ms)
  Transition system    : Projective
  Parser configuration : Stack
  Feature model        : eng-liblinear.xml
  Classifier           : liblinear
  Data Format          : /engmalt.linear-1.7/conllx.xml
Parsing time: 00:00:10 (10404 ms)
  Transition system    : Projective
  Parser configuration : Stack
  Feature model        : eng-liblinear.xml
  Classifier           : liblinear
  Data Format          : /engmalt.linear-1.7/conllx.xml
Parsing time: 00:00:11 (11294 ms)
  Transition system    : Projective
  Parser configuration : Stack
  Feature model        : eng-liblinear.xml
  Classifier           : liblinear
  Data Format          : /engmalt.linear-1.7/conllx.xml
Parsing time: 00:00:10 (10961 ms)
  Transition system    : Projective
  Parser configuration : Stack
  Feature model        : eng-liblinear.xml
  Classifier           : liblinear
  Data Format          : /engmalt.linear-1.7/conllx.xml
Parsing time: 00:00:11 (11243 ms)
  Transition system    : Projective
  Parser configuration : Stack
  Feature model        : eng-liblinear.xml
  Classifier           : liblinear
  Data Format          : /engmalt.linear-1.7/conllx.xml
Parsing time: 00:00:07 (7913 ms)
  Transition system    : Projective
  Parser configuration : Stack
  Feature model        : eng-liblinear.xml
  Classifier           : liblinear
  Data Format          : /engmalt.linear-1.7/conllx.xml
Parsing time: 00:00:09 (9408 ms)
  Transition system    : Projective
  Parser configuration : Stack
  Feature model        : eng-liblinear.xml
  Classifier           : liblinear
  Data Format          : /engmalt.linear-1.7/conllx.xml
Parsing time: 00:00:07 (7516 ms)
  Transition system    : Projective
  Parser configuration : Stack
  Feature model        : eng-liblinear.xml
  Classifier           : liblinear
  Data Format          : /engmalt.linear-1.7/conllx.xml
Parsing time: 00:00:10 (10176 ms)
  Transition system    : Projective
  Parser configuration : Stack
  Feature model        : eng-liblinear.xml
  Classifier           : liblinear
  Data Format          : /engmalt.linear-1.7/conllx.xml
Parsing time: 00:00:10 (10829 ms)
  Transition system    : Projective
  Parser configuration : Stack
  Feature model        : eng-liblinear.xml
  Classifier           : liblinear
  Data Format          : /engmalt.linear-1.7/conllx.xml
Parsing time: 00:00:12 (12007 ms)
  Transition system    : Projective
  Parser configuration : Stack
  Feature model        : eng-liblinear.xml
  Classifier           : liblinear
  Data Format          : /engmalt.linear-1.7/conllx.xml
Parsing time: 00:00:09 (9100 ms)
  Transition system    : Projective
  Parser configuration : Stack
  Feature model        : eng-liblinear.xml
  Classifier           : liblinear
  Data Format          : /engmalt.linear-1.7/conllx.xml
Parsing time: 00:00:08 (8267 ms)
  Transition system    : Projective
  Parser configuration : Stack
  Feature model        : eng-liblinear.xml
  Classifier           : liblinear
  Data Format          : /engmalt.linear-1.7/conllx.xml
Parsing time: 00:00:08 (8689 ms)
  Transition system    : Projective
  Parser configuration : Stack
  Feature model        : eng-liblinear.xml
  Classifier           : liblinear
  Data Format          : /engmalt.linear-1.7/conllx.xml
Parsing time: 00:00:10 (10578 ms)
  Transition system    : Projective
  Parser configuration : Stack
  Feature model        : eng-liblinear.xml
  Classifier           : liblinear
  Data Format          : /engmalt.linear-1.7/conllx.xml
Parsing time: 00:00:11 (11382 ms)
  Transition system    : Projective
  Parser configuration : Stack
  Feature model        : eng-liblinear.xml
  Classifier           : liblinear
  Data Format          : /engmalt.linear-1.7/conllx.xml
Parsing time: 00:00:10 (10698 ms)
  Transition system    : Projective
  Parser configuration : Stack
  Feature model        : eng-liblinear.xml
  Classifier           : liblinear
  Data Format          : /engmalt.linear-1.7/conllx.xml
Parsing time: 00:00:10 (10622 ms)
  Transition system    : Projective
  Parser configuration : Stack
  Feature model        : eng-liblinear.xml
  Classifier           : liblinear
  Data Format          : /engmalt.linear-1.7/conllx.xml
Parsing time: 00:00:09 (9347 ms)
  Transition system    : Projective
  Parser configuration : Stack
  Feature model        : eng-liblinear.xml
  Classifier           : liblinear
  Data Format          : /engmalt.linear-1.7/conllx.xml
Parsing time: 00:00:08 (8348 ms)
  Transition system    : Projective
  Parser configuration : Stack
  Feature model        : eng-liblinear.xml
  Classifier           : liblinear
  Data Format          : /engmalt.linear-1.7/conllx.xml
Parsing time: 00:00:08 (8620 ms)
